#
# There is insufficient memory for the Java Runtime Environment to continue.
# Native memory allocation (malloc) failed to allocate 1633760 bytes for Chunk::new
# Possible reasons:
#   The system is out of physical RAM or swap space
#   In 32 bit mode, the process size limit was hit
# Possible solutions:
#   Reduce memory load on the system
#   Increase physical memory or swap space
#   Check if swap backing store is full
#   Use 64 bit Java on a 64 bit OS
#   Decrease Java heap size (-Xmx/-Xms)
#   Decrease number of Java threads
#   Decrease Java thread stack sizes (-Xss)
#   Set larger code cache with -XX:ReservedCodeCacheSize=
# This output file may be truncated or incomplete.
#
#  Out of Memory Error (allocation.cpp:390), pid=11928, tid=0x0000000000004ad0
#
# JRE version: Java(TM) SE Runtime Environment (8.0_101-b13) (build 1.8.0_101-b13)
# Java VM: Java HotSpot(TM) 64-Bit Server VM (25.101-b13 mixed mode windows-amd64 compressed oops)
# Failed to write core dump. Minidumps are not enabled by default on client versions of Windows
#

---------------  T H R E A D  ---------------

Current thread (0x0000000015edc000):  JavaThread "C2 CompilerThread0" daemon [_thread_in_native, id=19152, stack(0x0000000017530000,0x0000000017630000)]

Stack: [0x0000000017530000,0x0000000017630000]
[error occurred during error reporting (printing stack bounds), id 0xc0000005]

Native frames: (J=compiled Java code, j=interpreted, Vv=VM code, C=native code)


Current CompileTask:
C2:1817211 13748   !   4       java.io.ObjectOutputStream::writeOrdinaryObject (175 bytes)


---------------  P R O C E S S  ---------------

Java Threads: ( => current thread )
  0x000000001946e800 JavaThread "Cache worker for execution history cache (G:\DisplayFort\androidCode\TokenProject\DFTokenSystem\.gradle\5.4.1\executionHistory)" [_thread_blocked, id=9876, stack(0x0000000028d20000,0x0000000028e20000)]
  0x000000001946e000 JavaThread "Execution worker for ':' Thread 3" [_thread_blocked, id=16980, stack(0x0000000028c20000,0x0000000028d20000)]
  0x000000001946b000 JavaThread "Execution worker for ':' Thread 2" [_thread_blocked, id=17060, stack(0x0000000028b20000,0x0000000028c20000)]
  0x000000001946b800 JavaThread "Execution worker for ':'" [_thread_in_native, id=7256, stack(0x0000000028a20000,0x0000000028b20000)]
  0x000000001b90c800 JavaThread "Cache worker for Build Output Cleanup Cache (G:\DisplayFort\androidCode\TokenProject\DFTokenSystem\.gradle\buildOutputCleanup)" [_thread_blocked, id=16656, stack(0x0000000028820000,0x0000000028920000)]
  0x000000001b90b800 JavaThread "Build operations Thread 4" [_thread_blocked, id=14452, stack(0x0000000028720000,0x0000000028820000)]
  0x000000001b908000 JavaThread "Build operations Thread 3" [_thread_blocked, id=9900, stack(0x0000000028620000,0x0000000028720000)]
  0x000000001b90a000 JavaThread "Build operations Thread 2" [_thread_blocked, id=17448, stack(0x0000000028520000,0x0000000028620000)]
  0x000000001b909800 JavaThread "Build operations" [_thread_blocked, id=17344, stack(0x0000000028420000,0x0000000028520000)]
  0x000000001b900800 JavaThread "Cache worker for cache directory md-rule (C:\Users\pc\.gradle\caches\5.4.1\md-rule)" [_thread_blocked, id=1428, stack(0x0000000028320000,0x0000000028420000)]
  0x000000001b907000 JavaThread "Cache worker for cache directory md-supplier (C:\Users\pc\.gradle\caches\5.4.1\md-supplier)" [_thread_blocked, id=16696, stack(0x0000000028220000,0x0000000028320000)]
  0x000000001b8ff800 JavaThread "Cache worker for file hash cache (G:\DisplayFort\androidCode\TokenProject\DFTokenSystem\.gradle\5.4.1\fileHashes)" [_thread_blocked, id=10020, stack(0x0000000028120000,0x0000000028220000)]
  0x000000001b902800 JavaThread "Thread-79" [_thread_blocked, id=19000, stack(0x0000000028020000,0x0000000028120000)]
  0x000000001b905800 JavaThread "Stdin handler" [_thread_blocked, id=18936, stack(0x0000000027f20000,0x0000000028020000)]
  0x000000001b8fe000 JavaThread "Asynchronous log dispatcher for DefaultDaemonConnection: socket connection from /127.0.0.1:57867 to /127.0.0.1:58319" [_thread_blocked, id=18204, stack(0x0000000027e20000,0x0000000027f20000)]
  0x000000001b905000 JavaThread "Daemon worker Thread 5" [_thread_in_native, id=2336, stack(0x0000000027d20000,0x0000000027e20000)]
  0x000000001b901000 JavaThread "Cancel handler" [_thread_blocked, id=7880, stack(0x0000000027c20000,0x0000000027d20000)]
  0x000000001b8fd800 JavaThread "Handler for socket connection from /127.0.0.1:57867 to /127.0.0.1:58319" [_thread_in_native, id=16424, stack(0x0000000027b20000,0x0000000027c20000)]
  0x000000001b903800 JavaThread "Daemon Thread 5" [_thread_blocked, id=3956, stack(0x0000000027a20000,0x0000000027b20000)]
  0x000000001b904000 JavaThread "Java2D Disposer" daemon [_thread_blocked, id=12088, stack(0x0000000024350000,0x0000000024450000)]
  0x0000000018286000 JavaThread "Cache worker for file content cache (C:\Users\pc\.gradle\caches\5.4.1\fileContent)" [_thread_blocked, id=9736, stack(0x0000000023950000,0x0000000023a50000)]
  0x0000000019470000 JavaThread "Memory manager" [_thread_blocked, id=18920, stack(0x0000000021cd0000,0x0000000021dd0000)]
  0x0000000018287800 JavaThread "Cache worker for execution history cache (C:\Users\pc\.gradle\caches\5.4.1\executionHistory)" [_thread_in_native, id=15120, stack(0x000000001eef0000,0x000000001eff0000)]
  0x0000000018289000 JavaThread "Cache worker for journal cache (C:\Users\pc\.gradle\caches\journal-1)" [_thread_blocked, id=15724, stack(0x000000001aa80000,0x000000001ab80000)]
  0x0000000018284800 JavaThread "File lock request listener" [_thread_in_native, id=17560, stack(0x000000001a980000,0x000000001aa80000)]
  0x0000000018288000 JavaThread "Cache worker for file hash cache (C:\Users\pc\.gradle\caches\5.4.1\fileHashes)" [_thread_blocked, id=9340, stack(0x000000001a880000,0x000000001a980000)]
  0x0000000017a54000 JavaThread "Daemon periodic checks" [_thread_blocked, id=16952, stack(0x0000000019e80000,0x0000000019f80000)]
  0x0000000017a59800 JavaThread "Incoming local TCP Connector on port 57867" [_thread_in_native, id=10096, stack(0x0000000019c40000,0x0000000019d40000)]
  0x0000000018efc800 JavaThread "Daemon health stats" [_thread_blocked, id=18320, stack(0x0000000019600000,0x0000000019700000)]
  0x0000000017850800 JavaThread "Service Thread" daemon [_thread_blocked, id=12104, stack(0x0000000017c30000,0x0000000017d30000)]
  0x0000000015ed1000 JavaThread "C1 CompilerThread2" daemon [_thread_blocked, id=9200, stack(0x0000000017730000,0x0000000017830000)]
  0x0000000015eca800 JavaThread "C2 CompilerThread1" daemon [_thread_in_native, id=12600, stack(0x0000000017630000,0x0000000017730000)]
=>0x0000000015edc000 JavaThread "C2 CompilerThread0" daemon [_thread_in_native, id=19152, stack(0x0000000017530000,0x0000000017630000)]
  0x0000000015ed8800 JavaThread "Attach Listener" daemon [_thread_blocked, id=7576, stack(0x0000000017430000,0x0000000017530000)]
  0x0000000015ed7800 JavaThread "Signal Dispatcher" daemon [_thread_blocked, id=12152, stack(0x0000000017330000,0x0000000017430000)]
  0x0000000015eba800 JavaThread "Finalizer" daemon [_thread_blocked, id=7416, stack(0x0000000017130000,0x0000000017230000)]
  0x0000000015e99000 JavaThread "Reference Handler" daemon [_thread_blocked, id=15756, stack(0x0000000017030000,0x0000000017130000)]
  0x00000000003ee000 JavaThread "main" [_thread_blocked, id=18880, stack(0x0000000002310000,0x0000000002410000)]

Other Threads:
  0x0000000015e97000 VMThread [stack: 0x0000000016f30000,0x0000000017030000] [id=15044]
  0x0000000017863000 WatcherThread [stack: 0x0000000017d30000,0x0000000017e30000] [id=17920]

VM state:not at safepoint (normal execution)

VM Mutex/Monitor currently owned by a thread: None

Heap:
 PSYoungGen      total 102400K, used 52051K [0x00000000e0000000, 0x00000000e9a00000, 0x0000000100000000)
  eden space 96256K, 47% used [0x00000000e0000000,0x00000000e2cf1200,0x00000000e5e00000)
  from space 6144K, 98% used [0x00000000e9400000,0x00000000e99e3b48,0x00000000e9a00000)
  to   space 29184K, 0% used [0x00000000e6100000,0x00000000e6100000,0x00000000e7d80000)
 ParOldGen       total 152064K, used 82213K [0x00000000a0000000, 0x00000000a9480000, 0x00000000e0000000)
  object space 152064K, 54% used [0x00000000a0000000,0x00000000a50496e8,0x00000000a9480000)
 Metaspace       used 83629K, capacity 87409K, committed 87552K, reserved 1124352K
  class space    used 10921K, capacity 11772K, committed 11776K, reserved 1048576K

Card table byte_map: [0x0000000011920000,0x0000000011c30000] byte_map_base: 0x0000000011420000

Marking Bits: (ParMarkBitMap*) 0x0000000069c3a6d0
 Begin Bits: [0x0000000012230000, 0x0000000013a30000)
 End Bits:   [0x0000000013a30000, 0x0000000015230000)

Polling page: 0x0000000000b20000

CodeCache: size=245760Kb used=40101Kb max_used=40101Kb free=205659Kb
 bounds [0x0000000002560000, 0x0000000004cc0000, 0x0000000011560000]
 total_blobs=12704 nmethods=11740 adapters=873
 compilation: enabled

Compilation events (10 events):
Event: 1816.980 Thread 0x0000000015ed1000 13930       1       org.gradle.execution.plan.Node::getExecutionFailure (5 bytes)
Event: 1816.980 Thread 0x0000000015ed1000 nmethod 13930 0x0000000004cb2410 code [0x0000000004cb2560, 0x0000000004cb2670]
Event: 1817.064 Thread 0x0000000015ed1000 13932       3       org.gradle.internal.resources.AbstractTrackedResourceLock::unlock (61 bytes)
Event: 1817.066 Thread 0x0000000015ed1000 nmethod 13932 0x0000000004cb26d0 code [0x0000000004cb29a0, 0x0000000004cb3d68]
Event: 1817.066 Thread 0x0000000015ed1000 13933       3       org.gradle.internal.resources.AbstractResourceLockRegistry$3::execute (9 bytes)
Event: 1817.066 Thread 0x0000000015ed1000 nmethod 13933 0x0000000004cb47d0 code [0x0000000004cb4980, 0x0000000004cb4f38]
Event: 1817.066 Thread 0x0000000015ed1000 13934       3       org.gradle.internal.resources.AbstractResourceLockRegistry$3::execute (9 bytes)
Event: 1817.067 Thread 0x0000000015ed1000 nmethod 13934 0x0000000004cb5190 code [0x0000000004cb5320, 0x0000000004cb5778]
Event: 1817.069 Thread 0x0000000015ed1000 13935       1       org.gradle.internal.work.DefaultWorkerLeaseService::access$500 (5 bytes)
Event: 1817.069 Thread 0x0000000015ed1000 nmethod 13935 0x0000000004cb5950 code [0x0000000004cb5aa0, 0x0000000004cb5b90]

GC Heap History (10 events):
Event: 394.129 GC heap before
{Heap before GC invocations=26 (full 4):
 PSYoungGen      total 85504K, used 55292K [0x00000000e0000000, 0x00000000e8500000, 0x0000000100000000)
  eden space 55296K, 99% used [0x00000000e0000000,0x00000000e35ff278,0x00000000e3600000)
  from space 30208K, 0% used [0x00000000e3600000,0x00000000e3600000,0x00000000e5380000)
  to   space 30208K, 0% used [0x00000000e6780000,0x00000000e6780000,0x00000000e8500000)
 ParOldGen       total 152064K, used 71540K [0x00000000a0000000, 0x00000000a9480000, 0x00000000e0000000)
  object space 152064K, 47% used [0x00000000a0000000,0x00000000a45dd060,0x00000000a9480000)
 Metaspace       used 73223K, capacity 75227K, committed 75520K, reserved 1114112K
  class space    used 9640K, capacity 10148K, committed 10240K, reserved 1048576K
Event: 394.133 GC heap after
Heap after GC invocations=26 (full 4):
 PSYoungGen      total 104960K, used 1136K [0x00000000e0000000, 0x00000000e8680000, 0x0000000100000000)
  eden space 74752K, 0% used [0x00000000e0000000,0x00000000e0000000,0x00000000e4900000)
  from space 30208K, 3% used [0x00000000e6780000,0x00000000e689c030,0x00000000e8500000)
  to   space 31232K, 0% used [0x00000000e4900000,0x00000000e4900000,0x00000000e6780000)
 ParOldGen       total 152064K, used 71548K [0x00000000a0000000, 0x00000000a9480000, 0x00000000e0000000)
  object space 152064K, 47% used [0x00000000a0000000,0x00000000a45df060,0x00000000a9480000)
 Metaspace       used 73223K, capacity 75227K, committed 75520K, reserved 1114112K
  class space    used 9640K, capacity 10148K, committed 10240K, reserved 1048576K
}
Event: 405.806 GC heap before
{Heap before GC invocations=27 (full 4):
 PSYoungGen      total 104960K, used 75888K [0x00000000e0000000, 0x00000000e8680000, 0x0000000100000000)
  eden space 74752K, 100% used [0x00000000e0000000,0x00000000e4900000,0x00000000e4900000)
  from space 30208K, 3% used [0x00000000e6780000,0x00000000e689c030,0x00000000e8500000)
  to   space 31232K, 0% used [0x00000000e4900000,0x00000000e4900000,0x00000000e6780000)
 ParOldGen       total 152064K, used 71548K [0x00000000a0000000, 0x00000000a9480000, 0x00000000e0000000)
  object space 152064K, 47% used [0x00000000a0000000,0x00000000a45df060,0x00000000a9480000)
 Metaspace       used 74476K, capacity 76601K, committed 76672K, reserved 1116160K
  class space    used 9803K, capacity 10319K, committed 10368K, reserved 1048576K
Event: 405.814 GC heap after
Heap after GC invocations=27 (full 4):
 PSYoungGen      total 105984K, used 3046K [0x00000000e0000000, 0x00000000ea000000, 0x0000000100000000)
  eden space 74752K, 0% used [0x00000000e0000000,0x00000000e0000000,0x00000000e4900000)
  from space 31232K, 9% used [0x00000000e4900000,0x00000000e4bf99d0,0x00000000e6780000)
  to   space 31744K, 0% used [0x00000000e8100000,0x00000000e8100000,0x00000000ea000000)
 ParOldGen       total 152064K, used 72136K [0x00000000a0000000, 0x00000000a9480000, 0x00000000e0000000)
  object space 152064K, 47% used [0x00000000a0000000,0x00000000a46720a0,0x00000000a9480000)
 Metaspace       used 74476K, capacity 76601K, committed 76672K, reserved 1116160K
  class space    used 9803K, capacity 10319K, committed 10368K, reserved 1048576K
}
Event: 946.738 GC heap before
{Heap before GC invocations=28 (full 4):
 PSYoungGen      total 105984K, used 77798K [0x00000000e0000000, 0x00000000ea000000, 0x0000000100000000)
  eden space 74752K, 100% used [0x00000000e0000000,0x00000000e4900000,0x00000000e4900000)
  from space 31232K, 9% used [0x00000000e4900000,0x00000000e4bf99d0,0x00000000e6780000)
  to   space 31744K, 0% used [0x00000000e8100000,0x00000000e8100000,0x00000000ea000000)
 ParOldGen       total 152064K, used 72136K [0x00000000a0000000, 0x00000000a9480000, 0x00000000e0000000)
  object space 152064K, 47% used [0x00000000a0000000,0x00000000a46720a0,0x00000000a9480000)
 Metaspace       used 77175K, capacity 79933K, committed 80128K, reserved 1118208K
  class space    used 10071K, capacity 10655K, committed 10752K, reserved 1048576K
Event: 946.772 GC heap after
Heap after GC invocations=28 (full 4):
 PSYoungGen      total 128000K, used 5227K [0x00000000e0000000, 0x00000000e9d80000, 0x0000000100000000)
  eden space 98816K, 0% used [0x00000000e0000000,0x00000000e0000000,0x00000000e6080000)
  from space 29184K, 17% used [0x00000000e8100000,0x00000000e861af80,0x00000000e9d80000)
  to   space 31232K, 0% used [0x00000000e6080000,0x00000000e6080000,0x00000000e7f00000)
 ParOldGen       total 152064K, used 74071K [0x00000000a0000000, 0x00000000a9480000, 0x00000000e0000000)
  object space 152064K, 48% used [0x00000000a0000000,0x00000000a4855e98,0x00000000a9480000)
 Metaspace       used 77175K, capacity 79933K, committed 80128K, reserved 1118208K
  class space    used 10071K, capacity 10655K, committed 10752K, reserved 1048576K
}
Event: 1796.790 GC heap before
{Heap before GC invocations=29 (full 4):
 PSYoungGen      total 128000K, used 104043K [0x00000000e0000000, 0x00000000e9d80000, 0x0000000100000000)
  eden space 98816K, 100% used [0x00000000e0000000,0x00000000e6080000,0x00000000e6080000)
  from space 29184K, 17% used [0x00000000e8100000,0x00000000e861af80,0x00000000e9d80000)
  to   space 31232K, 0% used [0x00000000e6080000,0x00000000e6080000,0x00000000e7f00000)
 ParOldGen       total 152064K, used 74071K [0x00000000a0000000, 0x00000000a9480000, 0x00000000e0000000)
  object space 152064K, 48% used [0x00000000a0000000,0x00000000a4855e98,0x00000000a9480000)
 Metaspace       used 80314K, capacity 83655K, committed 83968K, reserved 1122304K
  class space    used 10456K, capacity 11168K, committed 11264K, reserved 1048576K
Event: 1796.830 GC heap after
Heap after GC invocations=29 (full 4):
 PSYoungGen      total 130048K, used 7339K [0x00000000e0000000, 0x00000000eb180000, 0x0000000100000000)
  eden space 98816K, 0% used [0x00000000e0000000,0x00000000e0000000,0x00000000e6080000)
  from space 31232K, 23% used [0x00000000e6080000,0x00000000e67aaca8,0x00000000e7f00000)
  to   space 30208K, 0% used [0x00000000e9400000,0x00000000e9400000,0x00000000eb180000)
 ParOldGen       total 152064K, used 76923K [0x00000000a0000000, 0x00000000a9480000, 0x00000000e0000000)
  object space 152064K, 50% used [0x00000000a0000000,0x00000000a4b1ee70,0x00000000a9480000)
 Metaspace       used 80314K, capacity 83655K, committed 83968K, reserved 1122304K
  class space    used 10456K, capacity 11168K, committed 11264K, reserved 1048576K
}
Event: 1815.010 GC heap before
{Heap before GC invocations=30 (full 4):
 PSYoungGen      total 130048K, used 106155K [0x00000000e0000000, 0x00000000eb180000, 0x0000000100000000)
  eden space 98816K, 100% used [0x00000000e0000000,0x00000000e6080000,0x00000000e6080000)
  from space 31232K, 23% used [0x00000000e6080000,0x00000000e67aaca8,0x00000000e7f00000)
  to   space 30208K, 0% used [0x00000000e9400000,0x00000000e9400000,0x00000000eb180000)
 ParOldGen       total 152064K, used 76923K [0x00000000a0000000, 0x00000000a9480000, 0x00000000e0000000)
  object space 152064K, 50% used [0x00000000a0000000,0x00000000a4b1ee70,0x00000000a9480000)
 Metaspace       used 82686K, capacity 86125K, committed 86400K, reserved 1124352K
  class space    used 10798K, capacity 11568K, committed 11648K, reserved 1048576K
Event: 1815.027 GC heap after
Heap after GC invocations=30 (full 4):
 PSYoungGen      total 102400K, used 6030K [0x00000000e0000000, 0x00000000e9a00000, 0x0000000100000000)
  eden space 96256K, 0% used [0x00000000e0000000,0x00000000e0000000,0x00000000e5e00000)
  from space 6144K, 98% used [0x00000000e9400000,0x00000000e99e3b48,0x00000000e9a00000)
  to   space 29184K, 0% used [0x00000000e6100000,0x00000000e6100000,0x00000000e7d80000)
 ParOldGen       total 152064K, used 82213K [0x00000000a0000000, 0x00000000a9480000, 0x00000000e0000000)
  object space 152064K, 54% used [0x00000000a0000000,0x00000000a50496e8,0x00000000a9480000)
 Metaspace       used 82686K, capacity 86125K, committed 86400K, reserved 1124352K
  class space    used 10798K, capacity 11568K, committed 11648K, reserved 1048576K
}

Deoptimization events (10 events):
Event: 1816.052 Thread 0x000000001b909800 Uncommon trap: reason=bimorphic action=maybe_recompile pc=0x0000000004af6b34 method=org.gradle.api.internal.artifacts.transform.DefaultTransformerInvoker.determineProducerProject(Lorg/gradle/api/internal/artifacts/transform/TransformationSubject;)Lorg/grad
Event: 1816.372 Thread 0x000000001b905000 Uncommon trap: reason=unstable_if action=reinterpret pc=0x0000000003aa3b4c method=java.io.ObjectOutputStream.writeObject0(Ljava/lang/Object;Z)V @ 105
Event: 1816.375 Thread 0x000000001b905000 Uncommon trap: reason=unstable_if action=reinterpret pc=0x00000000043e27bc method=java.io.ObjectOutputStream.writeClassDesc(Ljava/io/ObjectStreamClass;Z)V @ 41
Event: 1816.375 Thread 0x000000001b905000 Uncommon trap: reason=unstable_if action=reinterpret pc=0x0000000002d8aa2c method=java.lang.reflect.Proxy.isProxyClass(Ljava/lang/Class;)Z @ 6
Event: 1816.559 Thread 0x000000001b905000 Uncommon trap: reason=unstable_if action=reinterpret pc=0x0000000003a35948 method=java.util.regex.Pattern.sequence(Ljava/util/regex/Pattern$Node;)Ljava/util/regex/Pattern$Node; @ 144
Event: 1816.574 Thread 0x000000001b905000 Uncommon trap: reason=class_check action=maybe_recompile pc=0x0000000003e66a14 method=com.google.common.collect.ImmutableList.hashCode()I @ 3
Event: 1816.574 Thread 0x000000001b905000 Uncommon trap: reason=class_check action=maybe_recompile pc=0x0000000003e66a14 method=com.google.common.collect.ImmutableList.hashCode()I @ 3
Event: 1816.608 Thread 0x000000001b905000 Uncommon trap: reason=class_check action=maybe_recompile pc=0x0000000003e66a14 method=com.google.common.collect.ImmutableList.hashCode()I @ 3
Event: 1816.608 Thread 0x000000001b905000 Uncommon trap: reason=class_check action=maybe_recompile pc=0x0000000003e66a14 method=com.google.common.collect.ImmutableList.hashCode()I @ 3
Event: 1816.735 Thread 0x000000001b905000 Uncommon trap: reason=unstable_if action=reinterpret pc=0x0000000004b046c4 method=org.gradle.api.internal.artifacts.transform.TransformationStep.transform(Lorg/gradle/api/internal/artifacts/transform/TransformationSubject;Lorg/gradle/api/internal/artifactsDG@5`œ@

Internal exceptions (10 events):
Event: 1800.100 Thread 0x000000001b905000 Exception <a 'java/security/PrivilegedActionException'> (0x00000000e34eb1f0) thrown at [C:\re\workspace\8-2-build-windows-amd64-cygwin\jdk8u101\7261\hotspot\src\share\vm\prims\jvm.cpp, line 1386]
Event: 1800.100 Thread 0x000000001b905000 Exception <a 'java/security/PrivilegedActionException'> (0x00000000e34f6a80) thrown at [C:\re\workspace\8-2-build-windows-amd64-cygwin\jdk8u101\7261\hotspot\src\share\vm\prims\jvm.cpp, line 1386]
Event: 1800.100 Thread 0x000000001b905000 Exception <a 'java/security/PrivilegedActionException'> (0x00000000e34f7800) thrown at [C:\re\workspace\8-2-build-windows-amd64-cygwin\jdk8u101\7261\hotspot\src\share\vm\prims\jvm.cpp, line 1386]
Event: 1800.100 Thread 0x000000001b905000 Exception <a 'java/lang/ClassNotFoundException': groovy/util/AntBuilderCustomizer> (0x00000000e34fb9e8) thrown at [C:\re\workspace\8-2-build-windows-amd64-cygwin\jdk8u101\7261\hotspot\src\share\vm\classfile\systemDictionary.cpp, line 210]
Event: 1800.102 Thread 0x000000001b905000 Exception <a 'java/lang/ClassNotFoundException': org/gradle/api/AntBuilderCustomizer> (0x00000000e35145a8) thrown at [C:\re\workspace\8-2-build-windows-amd64-cygwin\jdk8u101\7261\hotspot\src\share\vm\classfile\systemDictionary.cpp, line 210]
Event: 1800.103 Thread 0x000000001b905000 Exception <a 'java/lang/ClassNotFoundException': org/gradle/api/internal/project/ant/BasicAntBuilderCustomizer> (0x00000000e353a008) thrown at [C:\re\workspace\8-2-build-windows-amd64-cygwin\jdk8u101\7261\hotspot\src\share\vm\classfile\systemDictionary.cppô”‹çj œ@
Event: 1800.104 Thread 0x000000001b905000 Exception <a 'java/lang/ClassNotFoundException': org/gradle/api/internal/project/DefaultAntBuilderCustomizer> (0x00000000e35674f8) thrown at [C:\re\workspace\8-2-build-windows-amd64-cygwin\jdk8u101\7261\hotspot\src\share\vm\classfile\systemDictionary.cpp, Ýºö`=aœ@
Event: 1816.310 Thread 0x000000001b905000 Exception <a 'java/lang/IncompatibleClassChangeError': Found class java.lang.Object, but interface was expected> (0x00000000e1ba0698) thrown at [C:\re\workspace\8-2-build-windows-amd64-cygwin\jdk8u101\7261\hotspot\src\share\vm\interpreter\linkResolver.cpp,
Event: 1816.528 Thread 0x000000001b902800 Exception <a 'java/lang/NoSuchMethodError': <clinit>> (0x00000000e21891d8) thrown at [C:\re\workspace\8-2-build-windows-amd64-cygwin\jdk8u101\7261\hotspot\src\share\vm\prims\jni.cpp, line 1613]
Event: 1816.538 Thread 0x000000001b902800 Exception <a 'java/lang/NoSuchMethodError': <clinit>> (0x00000000e21a26b8) thrown at [C:\re\workspace\8-2-build-windows-amd64-cygwin\jdk8u101\7261\hotspot\src\share\vm\prims\jni.cpp, line 1613]

Events (10 events):
Event: 1816.738 loading class org/gradle/api/internal/artifacts/transform/TransformationSubject
Event: 1816.738 loading class org/gradle/api/internal/artifacts/transform/TransformationSubject done
Event: 1816.738 loading class org/gradle/api/internal/artifacts/transform/TransformationSubject
Event: 1816.738 loading class org/gradle/api/internal/artifacts/transform/TransformationSubject done
Event: 1816.739 loading class org/gradle/execution/ProjectExecutionServiceRegistry
Event: 1816.739 loading class org/gradle/execution/ProjectExecutionServiceRegistry done
Event: 1816.739 loading class org/gradle/api/internal/artifacts/transform/TransformationSubject
Event: 1816.739 loading class org/gradle/api/internal/artifacts/transform/TransformationSubject done
Event: 1816.739 loading class org/gradle/api/internal/artifacts/transform/TransformationNode$ChainedTransformationNode$1
Event: 1816.739 loading class org/gradle/api/internal/artifacts/transform/TransformationNode$ChainedTransformationNode$1 done


Dynamic libraries:
0x00007ff650010000 - 0x00007ff650047000 	C:\Program Files\Java\jdk1.8.0_101\bin\java.exe
0x00007ffa5ca60000 - 0x00007ffa5cc4d000 	C:\WINDOWS\SYSTEM32\ntdll.dll
0x00007ffa5c940000 - 0x00007ffa5c9f3000 	C:\WINDOWS\System32\KERNEL32.DLL
0x00007ffa58ed0000 - 0x00007ffa59163000 	C:\WINDOWS\System32\KERNELBASE.dll
0x00007ffa5a390000 - 0x00007ffa5a433000 	C:\WINDOWS\System32\ADVAPI32.dll
0x00007ffa5ad90000 - 0x00007ffa5ae2e000 	C:\WINDOWS\System32\msvcrt.dll
0x00007ffa5c8a0000 - 0x00007ffa5c93e000 	C:\WINDOWS\System32\sechost.dll
0x00007ffa5c5c0000 - 0x00007ffa5c6e2000 	C:\WINDOWS\System32\RPCRT4.dll
0x00007ffa5ab00000 - 0x00007ffa5ac97000 	C:\WINDOWS\System32\USER32.dll
0x00007ffa58eb0000 - 0x00007ffa58ed0000 	C:\WINDOWS\System32\win32u.dll
0x00007ffa5a160000 - 0x00007ffa5a189000 	C:\WINDOWS\System32\GDI32.dll
0x00007ffa58b20000 - 0x00007ffa58cb9000 	C:\WINDOWS\System32\gdi32full.dll
0x00007ffa58dc0000 - 0x00007ffa58e60000 	C:\WINDOWS\System32\msvcp_win.dll
0x00007ffa58cc0000 - 0x00007ffa58dba000 	C:\WINDOWS\System32\ucrtbase.dll
0x00007ffa455a0000 - 0x00007ffa45819000 	C:\WINDOWS\WinSxS\amd64_microsoft.windows.common-controls_6595b64144ccf1df_6.0.17763.802_none_05b1445c0722d2cc\COMCTL32.dll
0x00007ffa59c80000 - 0x00007ffa59fac000 	C:\WINDOWS\System32\combase.dll
0x00007ffa591d0000 - 0x00007ffa5924e000 	C:\WINDOWS\System32\bcryptPrimitives.dll
0x00007ffa5ca00000 - 0x00007ffa5ca2e000 	C:\WINDOWS\System32\IMM32.DLL
0x0000000069cc0000 - 0x0000000069d92000 	C:\Program Files\Java\jdk1.8.0_101\jre\bin\msvcr100.dll
0x0000000069420000 - 0x0000000069cba000 	C:\Program Files\Java\jdk1.8.0_101\jre\bin\server\jvm.dll
0x00007ffa5af40000 - 0x00007ffa5af48000 	C:\WINDOWS\System32\PSAPI.DLL
0x00007ffa56ff0000 - 0x00007ffa56ffa000 	C:\WINDOWS\SYSTEM32\VERSION.dll
0x00007ffa56220000 - 0x00007ffa56244000 	C:\WINDOWS\SYSTEM32\WINMM.dll
0x00007ffa412b0000 - 0x00007ffa412b9000 	C:\WINDOWS\SYSTEM32\WSOCK32.dll
0x00007ffa5ad20000 - 0x00007ffa5ad8d000 	C:\WINDOWS\System32\WS2_32.dll
0x00007ffa561f0000 - 0x00007ffa5621d000 	C:\WINDOWS\SYSTEM32\winmmbase.dll
0x00007ffa59b80000 - 0x00007ffa59bca000 	C:\WINDOWS\System32\cfgmgr32.dll
0x000000006a150000 - 0x000000006a15f000 	C:\Program Files\Java\jdk1.8.0_101\jre\bin\verify.dll
0x000000006a120000 - 0x000000006a149000 	C:\Program Files\Java\jdk1.8.0_101\jre\bin\java.dll
0x000000006a0e0000 - 0x000000006a0f6000 	C:\Program Files\Java\jdk1.8.0_101\jre\bin\zip.dll
0x00007ffa5b0c0000 - 0x00007ffa5c5b4000 	C:\WINDOWS\System32\SHELL32.dll
0x00007ffa5ae30000 - 0x00007ffa5aed8000 	C:\WINDOWS\System32\shcore.dll
0x00007ffa59430000 - 0x00007ffa59b7d000 	C:\WINDOWS\System32\windows.storage.dll
0x00007ffa58ad0000 - 0x00007ffa58af4000 	C:\WINDOWS\System32\profapi.dll
0x00007ffa58a50000 - 0x00007ffa58aad000 	C:\WINDOWS\System32\powrprof.dll
0x00007ffa5a620000 - 0x00007ffa5a672000 	C:\WINDOWS\System32\shlwapi.dll
0x00007ffa58b00000 - 0x00007ffa58b11000 	C:\WINDOWS\System32\kernel.appcore.dll
0x00007ffa58e60000 - 0x00007ffa58e77000 	C:\WINDOWS\System32\cryptsp.dll
0x0000000069400000 - 0x000000006941a000 	C:\Program Files\Java\jdk1.8.0_101\jre\bin\net.dll
0x00007ffa582c0000 - 0x00007ffa58327000 	C:\WINDOWS\system32\mswsock.dll
0x00000000693e0000 - 0x00000000693f1000 	C:\Program Files\Java\jdk1.8.0_101\jre\bin\nio.dll
0x00007ffa3de80000 - 0x00007ffa3dea6000 	C:\Users\pc\.gradle\native\29\windows-amd64\native-platform.dll
0x00000000693d0000 - 0x00000000693dd000 	C:\Program Files\Java\jdk1.8.0_101\jre\bin\management.dll
0x00007ffa57e40000 - 0x00007ffa57e73000 	C:\WINDOWS\system32\rsaenh.dll
0x00007ffa58e80000 - 0x00007ffa58ea6000 	C:\WINDOWS\System32\bcrypt.dll
0x00007ffa58950000 - 0x00007ffa58978000 	C:\WINDOWS\SYSTEM32\USERENV.dll
0x00007ffa58490000 - 0x00007ffa5849c000 	C:\WINDOWS\SYSTEM32\CRYPTBASE.dll
0x00007ffa57fe0000 - 0x00007ffa5801d000 	C:\WINDOWS\SYSTEM32\IPHLPAPI.DLL
0x00007ffa5a190000 - 0x00007ffa5a198000 	C:\WINDOWS\System32\NSI.dll
0x00007ffa4dc20000 - 0x00007ffa4dc36000 	C:\WINDOWS\SYSTEM32\dhcpcsvc6.DLL
0x00007ffa4dc00000 - 0x00007ffa4dc1c000 	C:\WINDOWS\SYSTEM32\dhcpcsvc.DLL
0x00007ffa58020000 - 0x00007ffa580e6000 	C:\WINDOWS\SYSTEM32\DNSAPI.dll
0x00000000693a0000 - 0x00000000693c4000 	C:\Program Files\Java\jdk1.8.0_101\jre\bin\sunec.dll
0x0000000069e90000 - 0x0000000069eb6000 	C:\Program Files\Bonjour\mdnsNSP.dll
0x00007ffa4ad60000 - 0x00007ffa4ad6a000 	C:\Windows\System32\rasadhlp.dll
0x00007ffa4c170000 - 0x00007ffa4c1e9000 	C:\WINDOWS\System32\fwpuclnt.dll
0x0000000069390000 - 0x000000006939b000 	C:\Program Files\Java\jdk1.8.0_101\jre\bin\sunmscapi.dll
0x00007ffa59250000 - 0x00007ffa5942b000 	C:\WINDOWS\System32\CRYPT32.dll
0x00007ffa58ab0000 - 0x00007ffa58ac2000 	C:\WINDOWS\System32\MSASN1.dll
0x00007ffa512b0000 - 0x00007ffa512c6000 	C:\WINDOWS\system32\napinsp.dll
0x00007ffa51290000 - 0x00007ffa512aa000 	C:\WINDOWS\system32\pnrpnsp.dll
0x00007ffa51280000 - 0x00007ffa5128e000 	C:\WINDOWS\System32\winrnr.dll
0x00007ffa55010000 - 0x00007ffa5502b000 	C:\WINDOWS\system32\NLAapi.dll
0x00007ffa527c0000 - 0x00007ffa527d5000 	C:\WINDOWS\system32\wshbth.dll
0x00000000691f0000 - 0x0000000069388000 	C:\Program Files\Java\jdk1.8.0_101\jre\bin\awt.dll
0x00007ffa5a010000 - 0x00007ffa5a0d4000 	C:\WINDOWS\System32\OLEAUT32.dll
0x00007ffa56890000 - 0x00007ffa5691c000 	C:\WINDOWS\SYSTEM32\apphelp.dll
0x00007ffa57000000 - 0x00007ffa5702e000 	C:\WINDOWS\system32\DWMAPI.DLL
0x00007ffa56e00000 - 0x00007ffa56e9c000 	C:\WINDOWS\system32\uxtheme.dll
0x00000000691c0000 - 0x00000000691ea000 	C:\Program Files\Java\jdk1.8.0_101\jre\bin\dcpr.dll

VM Arguments:
jvm_args: -Xmx1536m -Dfile.encoding=UTF-8 -Duser.country=US -Duser.language=en -Duser.variant 
java_command: org.gradle.launcher.daemon.bootstrap.GradleDaemon 5.4.1
java_class_path (initial): C:\Users\pc\.gradle\wrapper\dists\gradle-5.4.1-all\3221gyojl5jsh0helicew7rwx\gradle-5.4.1\lib\gradle-launcher-5.4.1.jar
Launcher Type: SUN_STANDARD

Environment Variables:
JAVA_HOME=C:\Program Files\Java\jdk1.8.0_101
PATH=C:\Program Files (x86)\Common Files\Intel\Shared Files\cpp\bin\Intel64;C:\ProgramData\Oracle\Java\javapath;C:\Program Files (x86)\Lenovo\FusionEngine;C:\WINDOWS\system32;C:\WINDOWS;C:\WINDOWS\System32\Wbem;C:\WINDOWS\System32\WindowsPowerShell\v1.0\;C:\Program Files (x86)\ATI Technologies\ATI.ACE\Core-Static;C:\Program Files\Intel\WiFi\bin\;C:\Program Files\Common Files\Intel\WirelessCommon\;C:\Program Files (x86)\Microsoft SQL Server\90\Tools\binn\;C:\Program Files (x86)\Google\Google Apps Sync\;C:\Program Files (x86)\Google\Google Apps Migration\;C:\Program Files\PuTTY\;C:\Program Files (x86)\GtkSharp\2.12\bin;C:\Program Files\Java\jre1.8.0_101\bin;;C:\WINDOWS\System32\OpenSSH\;C:\Program Files (x86)\Microsoft SQL Server\110\Tools\Binn\;C:\Program Files (x86)\Microsoft SQL Server\110\DTS\Binn\;C:\Program Files (x86)\Microsoft SQL Server\110\Tools\Binn\ManagementStudio\;C:\Users\pc\AppData\Local\Microsoft\WindowsApps;C:\Program Files (x86)\Microsoft VS Code\bin;C:\Program Files\nodejs;C:\Flutter\bin;C:\Users\pc\AppData\Local\Android\sdk1\tools;C:\Users\pc\AppData\Local\Android\sdk1\platform-tools;C:\Users\pc\AppData\Local\Microsoft\WindowsApps;C:\Python27;;C:\Program Files\JetBrains\PyCharm 2018.3\bin;
USERNAME=pc
OS=Windows_NT
PROCESSOR_IDENTIFIER=Intel64 Family 6 Model 61 Stepping 4, GenuineIntel



---------------  S Y S T E M  ---------------

OS: Windows 10.0 , 64 bit Build 17763 (10.0.17763.475)

CPU:total 4 (2 cores per cpu, 2 threads per core) family 6 model 61 stepping 4, cmov, cx8, fxsr, mmx, sse, sse2, sse3, ssse3, sse4.1, sse4.2, popcnt, avx, avx2, aes, clmul, erms, 3dnowpref, lzcnt, ht, tsc, tscinvbit, bmi1, bmi2, adx

Memory: 4k page, physical 16689616k(2760296k free), swap 48689612k(6336k free)

vm_info: Java HotSpot(TM) 64-Bit Server VM (25.101-b13) for windows-amd64 JRE (1.8.0_101-b13), built on Jun 22 2016 01:21:29 by "java_re" with MS VC++ 10.0 (VS2010)

time: Fri Nov 08 12:04:10 2019
elapsed time: 1817 seconds (0d 0h 30m 17s)

